<?xml version="1.0" encoding="UTF-8"?>
<!-- Generated by org.testng.reporters.JUnitReportReporter -->
<testsuite hostname="Ravi" failures="0" tests="3" name="TestngDemo.Demo3" time="0.006" errors="0" timestamp="2024-01-04T23:08:15 IST" skipped="0">
  <testcase classname="TestngDemo.Demo3" name="Homeloanlogin" time="0.001"/>
  <testcase classname="TestngDemo.Demo3" name="carloanlogin" time="0.003"/>
  <testcase classname="TestngDemo.Demo3" name="Homeloanlogin" time="0.002"/>
</testsuite> <!-- TestngDemo.Demo3 -->
