<?xml version="1.0" encoding="UTF-8"?>
<!-- Generated by org.testng.reporters.JUnitReportReporter -->
<testsuite hostname="Ravi" failures="0" tests="1" name="TestngDemo.Demo1" time="15.820" errors="0" timestamp="2024-01-04T23:25:22 IST" skipped="0">
  <testcase classname="TestngDemo.Demo1" name="openweb1" time="15.820"/>
</testsuite> <!-- TestngDemo.Demo1 -->
