<?xml version="1.0" encoding="UTF-8"?>
<!-- Generated by org.testng.reporters.JUnitReportReporter -->
<testsuite hostname="Ravi" failures="0" tests="2" name="TestngDemo.Demo2" time="0.001" errors="0" timestamp="2023-12-30T16:35:34 IST" skipped="1">
  <testcase classname="TestngDemo.Demo2" name="mobileloanregister" time="0.001"/>
  <testcase classname="TestngDemo.Demo2" name="mobileloan">
    <skipped/>
  </testcase> <!-- mobileloan -->
</testsuite> <!-- TestngDemo.Demo2 -->
