<?xml version="1.0" encoding="UTF-8"?>
<!-- Generated by org.testng.reporters.JUnitReportReporter -->
<testsuite hostname="Ravi" failures="0" tests="4" name="TestngDemo.Demo1" time="0.009" errors="0" timestamp="2023-12-30T16:35:34 IST" skipped="0">
  <testcase classname="TestngDemo.Demo1" name="Carloan" time="0.005"/>
  <testcase classname="TestngDemo.Demo1" name="Homeloanregister" time="0.002"/>
  <testcase classname="TestngDemo.Demo1" name="Carloanregister" time="0.001"/>
  <testcase classname="TestngDemo.Demo1" name="Homeloan" time="0.001"/>
</testsuite> <!-- TestngDemo.Demo1 -->
