<?xml version="1.0" encoding="UTF-8"?>
<!-- Generated by org.testng.reporters.JUnitReportReporter -->
<testsuite hostname="Ravi" failures="0" tests="2" name="TestngDemo.Demo2" time="5.512" errors="0" timestamp="2024-01-04T23:25:22 IST" skipped="1">
  <testcase classname="TestngDemo.Demo2" name="openweb2" time="5.512"/>
  <testcase classname="TestngDemo.Demo2" name="mobileloan">
    <skipped/>
  </testcase> <!-- mobileloan -->
</testsuite> <!-- TestngDemo.Demo2 -->
